<?xml version="1.0" encoding="UTF-8"?>
<testng-results ignored="0" total="1" passed="1" failed="0" skipped="0">
  <reporter-output>
  </reporter-output>
  <suite started-at="2023-06-15T05:35:58 BDT" name="Default suite" finished-at="2023-06-15T05:36:05 BDT" duration-ms="7739">
    <groups>
    </groups>
    <test started-at="2023-06-15T05:35:58 BDT" name="Default test" finished-at="2023-06-15T05:36:05 BDT" duration-ms="7739">
      <class name="com.id.bd.LocatorsExp">
        <test-method is-config="true" signature="start()[pri:0, instance:com.id.bd.LocatorsExp@53fb3dab]" started-at="2023-06-15T05:35:56 BDT" name="start" finished-at="2023-06-15T05:35:58 BDT" duration-ms="1623" status="PASS">
          <reporter-output>
          </reporter-output>
        </test-method> <!-- start -->
        <test-method signature="testLocators()[pri:0, instance:com.id.bd.LocatorsExp@53fb3dab]" started-at="2023-06-15T05:35:58 BDT" name="testLocators" finished-at="2023-06-15T05:36:05 BDT" duration-ms="7706" status="PASS">
          <reporter-output>
          </reporter-output>
        </test-method> <!-- testLocators -->
        <test-method is-config="true" signature="close()[pri:0, instance:com.id.bd.LocatorsExp@53fb3dab]" started-at="2023-06-15T05:36:05 BDT" name="close" finished-at="2023-06-15T05:36:06 BDT" duration-ms="103" status="PASS">
          <reporter-output>
          </reporter-output>
        </test-method> <!-- close -->
      </class> <!-- com.id.bd.LocatorsExp -->
    </test> <!-- Default test -->
  </suite> <!-- Default suite -->
</testng-results>
